<?xml version="1.0" encoding="UTF-8"?>
<!-- Generated by org.testng.reporters.JUnitReportReporter -->
<testsuite hostname="DESKTOP-OLRKRJS" failures="0" tests="2" name="Automation.Selenium.TestNG_DataProvider" time="0.031" errors="0" timestamp="2024-04-15T11:02:32 IST" skipped="0">
  <testcase classname="Automation.Selenium.TestNG_DataProvider" name="TestMethod1" time="0.025"/>
  <system-out/>
  <testcase classname="Automation.Selenium.TestNG_DataProvider" name="TestMethod1" time="0.006"/>
  <system-out/>
</testsuite> <!-- Automation.Selenium.TestNG_DataProvider -->
