<?xml version="1.0" encoding="UTF-8"?>
<!-- Generated by org.testng.reporters.JUnitReportReporter -->
<testsuite hostname="DESKTOP-OLRKRJS" failures="0" tests="4" name="Automation.Selenium.TestNG_TS3" time="0.021" errors="0" timestamp="2024-04-15T11:02:32 IST" skipped="0">
  <testcase classname="Automation.Selenium.TestNG_TS3" name="Test3" time="0.006"/>
  <system-out/>
  <testcase classname="Automation.Selenium.TestNG_TS3" name="Test2" time="0.003"/>
  <system-out/>
  <testcase classname="Automation.Selenium.TestNG_TS3" name="Test4" time="0.008"/>
  <system-out/>
  <testcase classname="Automation.Selenium.TestNG_TS3" name="Test1" time="0.004"/>
  <system-out/>
</testsuite> <!-- Automation.Selenium.TestNG_TS3 -->
