<?xml version="1.0" encoding="UTF-8"?>
<!-- Generated by org.testng.reporters.JUnitReportReporter -->
<testsuite hostname="DESKTOP-OLRKRJS" failures="0" tests="2" name="Automation.Selenium.TestNG_TS2" time="0.025" errors="0" timestamp="2024-04-15T12:16:50 IST" skipped="0">
  <testcase classname="Automation.Selenium.TestNG_TS2" name="Test4" time="0.004"/>
  <system-out/>
  <testcase classname="Automation.Selenium.TestNG_TS2" name="Test2" time="0.021"/>
  <system-out/>
</testsuite> <!-- Automation.Selenium.TestNG_TS2 -->
