<?xml version="1.0" encoding="UTF-8"?>
<!-- Generated by org.testng.reporters.JUnitReportReporter -->
<testsuite hostname="DESKTOP-OLRKRJS" failures="0" tests="1" name="Automation.Selenium.Ekart" time="12.966" errors="0" timestamp="2024-04-15T15:47:18 IST" skipped="0">
  <testcase classname="Automation.Selenium.Ekart" name="eKart_E2E" time="12.966"/>
  <system-out/>
</testsuite> <!-- Automation.Selenium.Ekart -->
