<?xml version="1.0" encoding="UTF-8"?>
<!-- Generated by org.testng.reporters.JUnitReportReporter -->
<testsuite hostname="DESKTOP-OLRKRJS" failures="0" tests="2" name="Automation.Selenium.TestNG_DataProvider" time="0.003" errors="0" timestamp="2024-04-15T15:47:18 IST" skipped="0">
  <testcase classname="Automation.Selenium.TestNG_DataProvider" name="TestMethod1" time="0.002"/>
  <system-out/>
  <testcase classname="Automation.Selenium.TestNG_DataProvider" name="TestMethod1" time="0.001"/>
  <system-out/>
</testsuite> <!-- Automation.Selenium.TestNG_DataProvider -->
