<?xml version="1.0" encoding="UTF-8"?>
<!-- Generated by org.testng.reporters.JUnitReportReporter -->
<testsuite hostname="DESKTOP-OLRKRJS" failures="0" tests="2" name="Automation.Selenium.TestNG_TS2" time="0.017" errors="0" timestamp="2024-04-15T20:07:10 IST" skipped="0">
  <testcase classname="Automation.Selenium.TestNG_TS2" name="Test4" time="0.002"/>
  <system-out/>
  <testcase classname="Automation.Selenium.TestNG_TS2" name="Test2" time="0.015"/>
  <system-out/>
</testsuite> <!-- Automation.Selenium.TestNG_TS2 -->
